0.25
------------------------------
i:0 011111111101110000110 x:0.14697 f(x):1.31554
i:1 110001010111001110001 x:0.669423 f(x):2.78697
i:2 000000010111111110101 x:1.06195 f(x):4.25164
i:3 111000011111111010001 x:0.640453 f(x):2.69109
i:4 100011100011011000111 x:1.66471 f(x):7.1007
i:5 010110010100001110101 x:1.04002 f(x):4.16167
i:6 001001000001000001111 x:1.81548 f(x):7.92694
i:7 110111101011110010110 x:0.241265 f(x):1.54074
i:8 000100010011000111110 x:0.457715 f(x):2.12493
i:9 011010000110100000001 x:0.508089 f(x):2.27433
i:10 101000111110000000011 x:1.25285 f(x):5.07532
i:11 011110110001101110001 x:0.67317 f(x):2.7995
i:12 101110111100011000101 x:0.911572 f(x):3.65411
i:13 011101101010001000110 x:0.150426 f(x):1.32348
i:14 011101011110000111110 x:0.455938 f(x):2.11976
i:15 111011010111001000111 x:1.65383 f(x):7.0428
i:16 001010100011111000011 x:1.29553 f(x):5.26946
i:17 111110111111011111111 x:1.99409 f(x):8.9646
i:18 000100101011000001110 x:0.317364 f(x):1.73545
i:19 110001110000110110111 x:1.78353 f(x):7.74803
[0,0.0160614][0.0160614,0.0500874][0.0500874,0.101996][0.101996,0.134851]
[0.134851,0.221543][0.221543,0.272353][0.272353,0.369132][0.369132,0.387943]
[0.387943,0.413886][0.413886,0.441654][0.441654,0.503618][0.503618,0.537797]
[0.537797,0.58241][0.58241,0.598568][0.598568,0.624448][0.624448,0.710433]
[0.710433,0.774768][0.774768,0.884217][0.884217,0.905405][0.905405,1]
0: 0.0160614
1: 0.0340261
2: 0.0519082
3: 0.0328553
4: 0.0866921
5: 0.0508096
6: 0.0967797
7: 0.0188108
8: 0.0259432
9: 0.0277672
10: 0.0619643
11: 0.034179
12: 0.0446128
13: 0.0161583
14: 0.02588
15: 0.0859853
16: 0.0643347
17: 0.109448
18: 0.021188
19: 0.0945954
those were selected for mutation : 7 17 1 16 17 
Mixing 7 with 17
Mixing 1 with 16
------------------------------
i:0 111011010111001000111 x:1.65383 f(x):7.0428
i:1 011101011110000111110 x:0.455938 f(x):2.11976
i:2 111110111111011111111 x:1.99409 f(x):8.9646
i:3 000100010011000111110 x:0.457715 f(x):2.12493
i:4 100011100011011000111 x:1.66471 f(x):7.1007
i:5 110001110000110110111 x:1.78353 f(x):7.74803
i:6 000000010111111110101 x:1.06195 f(x):4.25164
i:7 111011010111001000111 x:1.65383 f(x):7.0428
i:8 001010100011111000011 x:1.29553 f(x):5.26946
i:9 101000111110000000011 x:1.25285 f(x):5.07532
i:10 001001000001000001111 x:1.81548 f(x):7.92694
i:11 111000011111111010001 x:0.640453 f(x):2.69109
i:12 011111111101110000110 x:0.14697 f(x):1.31554
i:13 110001010111001110001 x:0.669423 f(x):2.78697
i:14 111011010111001000111 x:1.65383 f(x):7.0428
i:15 111110111111011111110 x:0.241265 f(x):1.54074
i:16 110111101011110010111 x:1.99409 f(x):8.9646
i:17 001010100011111110001 x:0.669423 f(x):2.78697
i:18 110001010111001000011 x:1.29553 f(x):5.26946
i:19 111110111111011111111 x:1.99409 f(x):8.9646
[0,0.0664229][0.0664229,0.0864149][0.0864149,0.170963][0.170963,0.191004]
[0.191004,0.257973][0.257973,0.331047][0.331047,0.371145][0.371145,0.437568]
[0.437568,0.487266][0.487266,0.535133][0.535133,0.609895][0.609895,0.635275]
[0.635275,0.647682][0.647682,0.673967][0.673967,0.74039][0.74039,0.754921]
[0.754921,0.839469][0.839469,0.865754][0.865754,0.915452][0.915452,1]
0: 0.0664229
1: 0.0199921
2: 0.084548
3: 0.0200409
4: 0.0669689
5: 0.0730741
6: 0.0400986
7: 0.0664229
8: 0.049698
9: 0.0478669
10: 0.0747615
11: 0.0253805
12: 0.0124073
13: 0.0262848
14: 0.0664229
15: 0.0145312
16: 0.084548
17: 0.0262848
18: 0.049698
19: 0.084548
those were selected for mutation : 4 14 3 2 
Mixing 4 with 14
Mixing 3 with 2
------------------------------
i:0 110001010111001110001 x:0.669423 f(x):2.78697
i:1 100011100011011000111 x:1.66471 f(x):7.1007
i:2 001010100011111000011 x:1.29553 f(x):5.26946
i:3 110111101011110010111 x:1.99409 f(x):8.9646
i:4 111110111111011111111 x:1.99409 f(x):8.9646
i:5 111110111111011111111 x:1.99409 f(x):8.9646
i:6 111011010111001000111 x:1.65383 f(x):7.0428
i:7 111110111111011111111 x:1.99409 f(x):8.9646
i:8 011101011110000111110 x:0.455938 f(x):2.11976
i:9 111110111111011111111 x:1.99409 f(x):8.9646
i:10 001010100011111110001 x:0.669423 f(x):2.78697
i:11 001010100011111110001 x:0.669423 f(x):2.78697
i:12 110001010111001000011 x:1.29553 f(x):5.26946
i:13 001010100011111110001 x:0.669423 f(x):2.78697
i:14 100011100011011000111 x:1.66471 f(x):7.1007
i:15 111011010111001000111 x:1.65383 f(x):7.0428
i:16 111011010111011000111 x:1.66471 f(x):7.1007
i:17 100011100011001000111 x:1.65383 f(x):7.0428
i:18 100100010011000111110 x:0.457715 f(x):2.12493
i:19 011110111111011111111 x:1.99409 f(x):8.9646
[0,0.0228161][0.0228161,0.0809472][0.0809472,0.124087][0.124087,0.197477]
[0.197477,0.270867][0.270867,0.344258][0.344258,0.401915][0.401915,0.475305]
[0.475305,0.492659][0.492659,0.566049][0.566049,0.588865][0.588865,0.611681]
[0.611681,0.654821][0.654821,0.677637][0.677637,0.735768][0.735768,0.793425]
[0.793425,0.851556][0.851556,0.909214][0.909214,0.92661][0.92661,1]
0: 0.0228161
1: 0.0581312
2: 0.0431394
3: 0.0733903
4: 0.0733903
5: 0.0733903
6: 0.0576572
7: 0.0733903
8: 0.0173538
9: 0.0733903
10: 0.0228161
11: 0.0228161
12: 0.0431394
13: 0.0228161
14: 0.0581312
15: 0.0576572
16: 0.0581312
17: 0.0576572
18: 0.0173961
19: 0.0733903
those were selected for mutation : 7 15 3 0 
Mixing 7 with 15
Mixing 3 with 0
------------------------------
i:0 001010100011111000011 x:1.29553 f(x):5.26946
i:1 110111101011110010111 x:1.99409 f(x):8.9646
i:2 111011010111001000111 x:1.65383 f(x):7.0428
i:3 100011100011011000111 x:1.66471 f(x):7.1007
i:4 100011100011011000111 x:1.66471 f(x):7.1007
i:5 111011010111001000111 x:1.65383 f(x):7.0428
i:6 111110111111011111111 x:1.99409 f(x):8.9646
i:7 111110111111011111111 x:1.99409 f(x):8.9646
i:8 111110111111011111111 x:1.99409 f(x):8.9646
i:9 001010100011111000011 x:1.29553 f(x):5.26946
i:10 111011010111011000111 x:1.66471 f(x):7.1007
i:11 111110111111011111111 x:1.99409 f(x):8.9646
i:12 111011010111001000111 x:1.65383 f(x):7.0428
i:13 111110111111011111111 x:1.99409 f(x):8.9646
i:14 111011010111011000111 x:1.66471 f(x):7.1007
i:15 111110111111011111111 x:1.99409 f(x):8.9646
i:16 111011010111001000111 x:1.99409 f(x):8.9646
i:17 111110111111011111111 x:1.65383 f(x):7.0428
i:18 110001010111010010111 x:1.99409 f(x):8.9646
i:19 110111101011101110001 x:0.669423 f(x):2.78697
[0,0.0349941][0.0349941,0.0945274][0.0945274,0.141298][0.141298,0.188453]
[0.188453,0.235609][0.235609,0.282379][0.282379,0.341913][0.341913,0.401446]
[0.401446,0.460979][0.460979,0.495973][0.495973,0.543129][0.543129,0.602662]
[0.602662,0.649433][0.649433,0.708966][0.708966,0.756121][0.756121,0.815655]
[0.815655,0.875188][0.875188,0.921959][0.921959,0.981492][0.981492,1]
0: 0.0349941
1: 0.0595333
2: 0.0467707
3: 0.0471552
4: 0.0471552
5: 0.0467707
6: 0.0595333
7: 0.0595333
8: 0.0595333
9: 0.0349941
10: 0.0471552
11: 0.0595333
12: 0.0467707
13: 0.0595333
14: 0.0471552
15: 0.0595333
16: 0.0595333
17: 0.0467707
18: 0.0595333
19: 0.0185081
those were selected for mutation : 7 18 5 8 17 
Mixing 7 with 18
Mixing 5 with 8
19 has mutated at gene 3
------------------------------
i:0 111011010111001000111 x:1.65383 f(x):7.0428
i:1 111011010111001000111 x:1.99409 f(x):8.9646
i:2 111011010111001000111 x:1.65383 f(x):7.0428
i:3 110011101011101110001 x:0.674848 f(x):2.80512
i:4 111110111111011111111 x:1.65383 f(x):7.0428
i:5 111110111111011111111 x:1.99409 f(x):8.9646
i:6 110111101011110010111 x:1.99409 f(x):8.9646
i:7 111110111111011111111 x:1.99409 f(x):8.9646
i:8 111110111111011111111 x:1.99409 f(x):8.9646
i:9 111110111111011111111 x:1.99409 f(x):8.9646
i:10 111110111111011111111 x:1.99409 f(x):8.9646
i:11 111011010111011000111 x:1.66471 f(x):7.1007
i:12 111011010111001000111 x:1.99409 f(x):8.9646
i:13 001010100011111000011 x:1.29553 f(x):5.26946
i:14 100011100011011000111 x:1.66471 f(x):7.1007
i:15 110001010111011111111 x:1.99409 f(x):8.9646
i:16 111110111111010010111 x:1.99409 f(x):8.9646
i:17 111011010111001000111 x:1.65383 f(x):7.0428
i:18 111110111111011111111 x:1.99409 f(x):8.9646
i:19 111110111111011111111 x:1.65383 f(x):7.0428
[0,0.0451171][0.0451171,0.102545][0.102545,0.147662][0.147662,0.165632]
[0.165632,0.210749][0.210749,0.268178][0.268178,0.325606][0.325606,0.383035]
[0.383035,0.440463][0.440463,0.497891][0.497891,0.55532][0.55532,0.600808]
[0.600808,0.658236][0.658236,0.691993][0.691993,0.737481][0.737481,0.794909]
[0.794909,0.852338][0.852338,0.897455][0.897455,0.954883][0.954883,1]
0: 0.0451171
1: 0.0574284
2: 0.0451171
3: 0.0179699
4: 0.0451171
5: 0.0574284
6: 0.0574284
7: 0.0574284
8: 0.0574284
9: 0.0574284
10: 0.0574284
11: 0.045488
12: 0.0574284
13: 0.0337568
14: 0.045488
15: 0.0574284
16: 0.0574284
17: 0.0451171
18: 0.0574284
19: 0.0451171
those were selected for mutation : 8 13 6 14 17 5 
Mixing 8 with 13
Mixing 6 with 14
Mixing 17 with 5
------------------------------
i:0 111110111111011111111 x:1.99409 f(x):8.9646
i:1 111110111111011111111 x:1.99409 f(x):8.9646
i:2 001010100011111000011 x:1.29553 f(x):5.26946
i:3 111110111111011111111 x:1.65383 f(x):7.0428
i:4 111110111111011111111 x:1.99409 f(x):8.9646
i:5 111110111111011111111 x:1.65383 f(x):7.0428
i:6 111110111111011111111 x:1.99409 f(x):8.9646
i:7 111110111111011111111 x:1.99409 f(x):8.9646
i:8 111011010111001000111 x:1.99409 f(x):8.9646
i:9 111011010111001000111 x:1.99409 f(x):8.9646
i:10 111011010111001000111 x:1.65383 f(x):7.0428
i:11 111110111111011111111 x:1.99409 f(x):8.9646
i:12 111110111111011111111 x:1.99409 f(x):8.9646
i:13 111110111111011111111 x:1.99409 f(x):8.9646
i:14 001010100011011111111 x:1.99409 f(x):8.9646
i:15 111110111111111000011 x:1.29553 f(x):5.26946
i:16 100111101011110010111 x:1.99409 f(x):8.9646
i:17 110011100011011000111 x:1.66471 f(x):7.1007
i:18 111011010111001000111 x:1.65383 f(x):7.0428
i:19 111110111111011111111 x:1.99409 f(x):8.9646
[0,0.0552175][0.0552175,0.110435][0.110435,0.142892][0.142892,0.186273]
[0.186273,0.24149][0.24149,0.28487][0.28487,0.340088][0.340088,0.395305]
[0.395305,0.450523][0.450523,0.50574][0.50574,0.549121][0.549121,0.604338]
[0.604338,0.659556][0.659556,0.714773][0.714773,0.769991][0.769991,0.802448]
[0.802448,0.857665][0.857665,0.901402][0.901402,0.944782][0.944782,1]
0: 0.0552175
1: 0.0552175
2: 0.0324573
3: 0.0433802
4: 0.0552175
5: 0.0433802
6: 0.0552175
7: 0.0552175
8: 0.0552175
9: 0.0552175
10: 0.0433802
11: 0.0552175
12: 0.0552175
13: 0.0552175
14: 0.0552175
15: 0.0324573
16: 0.0552175
17: 0.0437368
18: 0.0433802
19: 0.0552175
those were selected for mutation : 3 1 
Mixing 3 with 1
1 has mutated at gene 3
------------------------------
i:0 110011100011011000111 x:1.66471 f(x):7.1007
i:1 111110111111011111111 x:1.99409 f(x):8.9646
i:2 001010100011111000011 x:1.29553 f(x):5.26946
i:3 001010100011011111111 x:1.99409 f(x):8.9646
i:4 111110111111011111111 x:1.99409 f(x):8.9646
i:5 111011010111001000111 x:1.99409 f(x):8.9646
i:6 111110111111011111111 x:1.99409 f(x):8.9646
i:7 111011010111001000111 x:1.65383 f(x):7.0428
i:8 111011010111001000111 x:1.99409 f(x):8.9646
i:9 111110111111011111111 x:1.99409 f(x):8.9646
i:10 111011010111001000111 x:1.65383 f(x):7.0428
i:11 111110111111011111111 x:1.99409 f(x):8.9646
i:12 111110111111011111111 x:1.99409 f(x):8.9646
i:13 111011010111001000111 x:1.65383 f(x):7.0428
i:14 110011100011011000111 x:1.66471 f(x):7.1007
i:15 111110111111011111111 x:1.65383 f(x):7.0428
i:16 111110111111011111111 x:1.99409 f(x):8.9646
i:17 111011010111001000111 x:1.65383 f(x):7.0428
i:18 111110111111011111111 x:1.65383 f(x):7.0428
i:19 111010111111011111111 x:1.99408 f(x):8.96454
[0,0.0442857][0.0442857,0.100196][0.100196,0.133061][0.133061,0.188972]
[0.188972,0.244882][0.244882,0.300793][0.300793,0.356703][0.356703,0.400628]
[0.400628,0.456539][0.456539,0.512449][0.512449,0.556374][0.556374,0.612284]
[0.612284,0.668195][0.668195,0.71212][0.71212,0.756405][0.756405,0.80033]
[0.80033,0.856241][0.856241,0.900165][0.900165,0.94409][0.94409,1]
0: 0.0442857
1: 0.0559106
2: 0.0328647
3: 0.0559106
4: 0.0559106
5: 0.0559106
6: 0.0559106
7: 0.0439246
8: 0.0559106
9: 0.0559106
10: 0.0439246
11: 0.0559106
12: 0.0559106
13: 0.0439246
14: 0.0442857
15: 0.0439246
16: 0.0559106
17: 0.0439246
18: 0.0439246
19: 0.0559102
those were selected for mutation : 4 5 9 14 
Mixing 4 with 5
Mixing 9 with 14
------------------------------
i:0 111110111111011111111 x:1.99409 f(x):8.9646
i:1 111110111111011111111 x:1.99409 f(x):8.9646
i:2 111110111111011111111 x:1.99409 f(x):8.9646
i:3 111011010111001000111 x:1.65383 f(x):7.0428
i:4 111110111111011111111 x:1.99409 f(x):8.9646
i:5 111011010111001000111 x:1.99409 f(x):8.9646
i:6 111011010111001000111 x:1.65383 f(x):7.0428
i:7 111011010111001000111 x:1.99409 f(x):8.9646
i:8 111110111111011111111 x:1.99409 f(x):8.9646
i:9 111011010111001000111 x:1.99409 f(x):8.9646
i:10 111110111111011111111 x:1.99409 f(x):8.9646
i:11 111110111111011111111 x:1.99409 f(x):8.9646
i:12 111110111111011111111 x:1.99409 f(x):8.9646
i:13 111011010111001000111 x:1.65383 f(x):7.0428
i:14 111110111111011111111 x:1.99409 f(x):8.9646
i:15 111110111111011111111 x:1.99409 f(x):8.9646
i:16 111011011111011111111 x:1.99409 f(x):8.9646
i:17 111110110111001000111 x:1.99409 f(x):8.9646
i:18 110011111111011111111 x:1.99409 f(x):8.9646
i:19 111110100011011000111 x:1.66471 f(x):7.1007
[0,0.0522222][0.0522222,0.104444][0.104444,0.156667][0.156667,0.197693]
[0.197693,0.249916][0.249916,0.302138][0.302138,0.343165][0.343165,0.395387]
[0.395387,0.447609][0.447609,0.499831][0.499831,0.552054][0.552054,0.604276]
[0.604276,0.656498][0.656498,0.697525][0.697525,0.749747][0.749747,0.801969]
[0.801969,0.854191][0.854191,0.906414][0.906414,0.958636][0.958636,1]
0: 0.0522222
1: 0.0522222
2: 0.0522222
3: 0.041027
4: 0.0522222
5: 0.0522222
6: 0.041027
7: 0.0522222
8: 0.0522222
9: 0.0522222
10: 0.0522222
11: 0.0522222
12: 0.0522222
13: 0.041027
14: 0.0522222
15: 0.0522222
16: 0.0522222
17: 0.0522222
18: 0.0522222
19: 0.0413642
those were selected for mutation : 1 2 18 4 3 6 4 
Mixing 1 with 2
Mixing 18 with 4
Mixing 3 with 6
------------------------------
i:0 111110111111011111111 x:1.99409 f(x):8.9646
i:1 111011010111001000111 x:1.65383 f(x):7.0428
i:2 111011010111001000111 x:1.65383 f(x):7.0428
i:3 111011010111001000111 x:1.99409 f(x):8.9646
i:4 111110111111011111111 x:1.99409 f(x):8.9646
i:5 111110111111011111111 x:1.99409 f(x):8.9646
i:6 111110111111011111111 x:1.99409 f(x):8.9646
i:7 111011010111001000111 x:1.99409 f(x):8.9646
i:8 111011010111001000111 x:1.65383 f(x):7.0428
i:9 111110111111011111111 x:1.99409 f(x):8.9646
i:10 111110111111011111111 x:1.99409 f(x):8.9646
i:11 110011111111011111111 x:1.99409 f(x):8.9646
i:12 111110111111011111111 x:1.99409 f(x):8.9646
i:13 111110111111011111111 x:1.99409 f(x):8.9646
i:14 111110111111011111111 x:1.99409 f(x):8.9646
i:15 111110111111011111111 x:1.99409 f(x):8.9646
i:16 110011111111011111111 x:1.99409 f(x):8.9646
i:17 111011010111001000111 x:1.65383 f(x):7.0428
i:18 111011010111001000111 x:1.65383 f(x):7.0428
i:19 111110111111011111111 x:1.99409 f(x):8.9646
[0,0.0528315][0.0528315,0.0943371][0.0943371,0.135843][0.135843,0.188674]
[0.188674,0.241506][0.241506,0.294337][0.294337,0.347169][0.347169,0.4]
[0.4,0.441506][0.441506,0.494337][0.494337,0.547169][0.547169,0.6]
[0.6,0.652831][0.652831,0.705663][0.705663,0.758494][0.758494,0.811326]
[0.811326,0.864157][0.864157,0.905663][0.905663,0.947169][0.947169,1]
0: 0.0528315
1: 0.0415056
2: 0.0415056
3: 0.0528315
4: 0.0528315
5: 0.0528315
6: 0.0528315
7: 0.0528315
8: 0.0415056
9: 0.0528315
10: 0.0528315
11: 0.0528315
12: 0.0528315
13: 0.0528315
14: 0.0528315
15: 0.0528315
16: 0.0528315
17: 0.0415056
18: 0.0415056
19: 0.0528315
those were selected for mutation : 0 10 4 
Mixing 0 with 10
------------------------------
i:0 111110111111011111111 x:1.99409 f(x):8.9646
i:1 111011010111001000111 x:1.99409 f(x):8.9646
i:2 111011010111001000111 x:1.65383 f(x):7.0428
i:3 111110111111011111111 x:1.99409 f(x):8.9646
i:4 111011010111001000111 x:1.65383 f(x):7.0428
i:5 110011111111011111111 x:1.99409 f(x):8.9646
i:6 111110111111011111111 x:1.99409 f(x):8.9646
i:7 111110111111011111111 x:1.99409 f(x):8.9646
i:8 111110111111011111111 x:1.99409 f(x):8.9646
i:9 111110111111011111111 x:1.99409 f(x):8.9646
i:10 111011010111001000111 x:1.65383 f(x):7.0428
i:11 111011010111001000111 x:1.65383 f(x):7.0428
i:12 111011010111001000111 x:1.99409 f(x):8.9646
i:13 111110111111011111111 x:1.99409 f(x):8.9646
i:14 111011010111001000111 x:1.65383 f(x):7.0428
i:15 111110111111011111111 x:1.99409 f(x):8.9646
i:16 111110111111011111111 x:1.99409 f(x):8.9646
i:17 111110111111011111111 x:1.99409 f(x):8.9646
i:18 111110111111011111111 x:1.99409 f(x):8.9646
i:19 111110111111011111111 x:1.99409 f(x):8.9646
[0,0.0528315][0.0528315,0.105663][0.105663,0.147169][0.147169,0.2]
[0.2,0.241506][0.241506,0.294337][0.294337,0.347169][0.347169,0.4]
[0.4,0.452831][0.452831,0.505663][0.505663,0.547169][0.547169,0.588674]
[0.588674,0.641506][0.641506,0.694337][0.694337,0.735843][0.735843,0.788674]
[0.788674,0.841506][0.841506,0.894337][0.894337,0.947169][0.947169,1]
0: 0.0528315
1: 0.0528315
2: 0.0415056
3: 0.0528315
4: 0.0415056
5: 0.0528315
6: 0.0528315
7: 0.0528315
8: 0.0528315
9: 0.0528315
10: 0.0415056
11: 0.0415056
12: 0.0528315
13: 0.0528315
14: 0.0415056
15: 0.0528315
16: 0.0528315
17: 0.0528315
18: 0.0528315
19: 0.0528315
those were selected for mutation : 6 18 4 
Mixing 6 with 18
18 has mutated at gene 5
18 has mutated at gene 16
------------------------------
i:0 111110111111011111111 x:1.99409 f(x):8.9646
i:1 111110111111011111111 x:1.99409 f(x):8.9646
i:2 110011111111011111111 x:1.99409 f(x):8.9646
i:3 111110111111011111111 x:1.99409 f(x):8.9646
i:4 111110111111011111111 x:1.99409 f(x):8.9646
i:5 111011010111001000111 x:1.65383 f(x):7.0428
i:6 111110111111011111111 x:1.99409 f(x):8.9646
i:7 111110111111011111111 x:1.99409 f(x):8.9646
i:8 111011010111001000111 x:1.65383 f(x):7.0428
i:9 111110111111011111111 x:1.99409 f(x):8.9646
i:10 111011010111001000111 x:1.65383 f(x):7.0428
i:11 111110111111011111111 x:1.99409 f(x):8.9646
i:12 111011010111001000111 x:1.65383 f(x):7.0428
i:13 111111111111011111111 x:1.99414 f(x):8.96488
i:14 111110111111011111111 x:1.99409 f(x):8.9646
i:15 111110111111011101111 x:1.90034 f(x):8.412
i:16 111011010111001000111 x:1.65383 f(x):7.0428
i:17 111110111111011111111 x:1.99409 f(x):8.9646
i:18 111110111111011111111 x:1.99409 f(x):8.9646
i:19 111011010111001000111 x:1.65383 f(x):7.0428
8.9646 8.9646 8.9646 8.9646 8.9646 8.9646 8.9646 8.9646 8.9646 8.96488 